hadd Target file: /Users/john/HNDiLeptonWorskspace/OutputTool/MergedFiles//HNtypeI_Dilepton/2018/HNtypeI_Dilepton_SkimTree_SSHN_SingleMuon.root
hadd compression setting for all output: 1
hadd Source file 1: /Users/john/HNDiLeptonWorskspace/Files//HNtypeI_Dilepton/2018/isSingleMu__/DATA/HNtypeI_Dilepton_SkimTree_SSHN_SingleMuon_A.root
hadd Source file 2: /Users/john/HNDiLeptonWorskspace/Files//HNtypeI_Dilepton/2018/isSingleMu__/DATA/HNtypeI_Dilepton_SkimTree_SSHN_SingleMuon_B.root
hadd Source file 3: /Users/john/HNDiLeptonWorskspace/Files//HNtypeI_Dilepton/2018/isSingleMu__/DATA/HNtypeI_Dilepton_SkimTree_SSHN_SingleMuon_C.root
hadd Source file 4: /Users/john/HNDiLeptonWorskspace/Files//HNtypeI_Dilepton/2018/isSingleMu__/DATA/HNtypeI_Dilepton_SkimTree_SSHN_SingleMuon_D.root
hadd Target path: /Users/john/HNDiLeptonWorskspace/OutputTool/MergedFiles//HNtypeI_Dilepton/2018/HNtypeI_Dilepton_SkimTree_SSHN_SingleMuon.root:/
hadd Target path: /Users/john/HNDiLeptonWorskspace/OutputTool/MergedFiles//HNtypeI_Dilepton/2018/HNtypeI_Dilepton_SkimTree_SSHN_SingleMuon.root:/AK4Plots
hadd Target path: /Users/john/HNDiLeptonWorskspace/OutputTool/MergedFiles//HNtypeI_Dilepton/2018/HNtypeI_Dilepton_SkimTree_SSHN_SingleMuon.root:/AK8Plots
hadd Target path: /Users/john/HNDiLeptonWorskspace/OutputTool/MergedFiles//HNtypeI_Dilepton/2018/HNtypeI_Dilepton_SkimTree_SSHN_SingleMuon.root:/DYCRMuMu_opposite_sign
hadd Target path: /Users/john/HNDiLeptonWorskspace/OutputTool/MergedFiles//HNtypeI_Dilepton/2018/HNtypeI_Dilepton_SkimTree_SSHN_SingleMuon.root:/DYCRMuMu_same_sign
hadd Target path: /Users/john/HNDiLeptonWorskspace/OutputTool/MergedFiles//HNtypeI_Dilepton/2018/HNtypeI_Dilepton_SkimTree_SSHN_SingleMuon.root:/GeneralPlots
hadd Target path: /Users/john/HNDiLeptonWorskspace/OutputTool/MergedFiles//HNtypeI_Dilepton/2018/HNtypeI_Dilepton_SkimTree_SSHN_SingleMuon.root:/FillEventCutflow
hadd Target path: /Users/john/HNDiLeptonWorskspace/OutputTool/MergedFiles//HNtypeI_Dilepton/2018/HNtypeI_Dilepton_SkimTree_SSHN_SingleMuon.root:/NObj
hadd Target path: /Users/john/HNDiLeptonWorskspace/OutputTool/MergedFiles//HNtypeI_Dilepton/2018/HNtypeI_Dilepton_SkimTree_SSHN_SingleMuon.root:/SR1
hadd Target path: /Users/john/HNDiLeptonWorskspace/OutputTool/MergedFiles//HNtypeI_Dilepton/2018/HNtypeI_Dilepton_SkimTree_SSHN_SingleMuon.root:/SR1_Highmass
hadd Target path: /Users/john/HNDiLeptonWorskspace/OutputTool/MergedFiles//HNtypeI_Dilepton/2018/HNtypeI_Dilepton_SkimTree_SSHN_SingleMuon.root:/SR1_HighmassCR
hadd Target path: /Users/john/HNDiLeptonWorskspace/OutputTool/MergedFiles//HNtypeI_Dilepton/2018/HNtypeI_Dilepton_SkimTree_SSHN_SingleMuon.root:/SR1_highmass
hadd Target path: /Users/john/HNDiLeptonWorskspace/OutputTool/MergedFiles//HNtypeI_Dilepton/2018/HNtypeI_Dilepton_SkimTree_SSHN_SingleMuon.root:/SR2_HighmassCR
hadd Target path: /Users/john/HNDiLeptonWorskspace/OutputTool/MergedFiles//HNtypeI_Dilepton/2018/HNtypeI_Dilepton_SkimTree_SSHN_SingleMuon.root:/SR3
hadd Target path: /Users/john/HNDiLeptonWorskspace/OutputTool/MergedFiles//HNtypeI_Dilepton/2018/HNtypeI_Dilepton_SkimTree_SSHN_SingleMuon.root:/SR3_Highmass
hadd Target path: /Users/john/HNDiLeptonWorskspace/OutputTool/MergedFiles//HNtypeI_Dilepton/2018/HNtypeI_Dilepton_SkimTree_SSHN_SingleMuon.root:/SR3_HighmassCR
hadd Target path: /Users/john/HNDiLeptonWorskspace/OutputTool/MergedFiles//HNtypeI_Dilepton/2018/HNtypeI_Dilepton_SkimTree_SSHN_SingleMuon.root:/SR3_highmass
hadd Target path: /Users/john/HNDiLeptonWorskspace/OutputTool/MergedFiles//HNtypeI_Dilepton/2018/HNtypeI_Dilepton_SkimTree_SSHN_SingleMuon.root:/SR4
hadd Target path: /Users/john/HNDiLeptonWorskspace/OutputTool/MergedFiles//HNtypeI_Dilepton/2018/HNtypeI_Dilepton_SkimTree_SSHN_SingleMuon.root:/SR4_Highmass
hadd Target path: /Users/john/HNDiLeptonWorskspace/OutputTool/MergedFiles//HNtypeI_Dilepton/2018/HNtypeI_Dilepton_SkimTree_SSHN_SingleMuon.root:/SR4_HighmassCR
hadd Target path: /Users/john/HNDiLeptonWorskspace/OutputTool/MergedFiles//HNtypeI_Dilepton/2018/HNtypeI_Dilepton_SkimTree_SSHN_SingleMuon.root:/SR4_highmass
hadd Target path: /Users/john/HNDiLeptonWorskspace/OutputTool/MergedFiles//HNtypeI_Dilepton/2018/HNtypeI_Dilepton_SkimTree_SSHN_SingleMuon.root:/Trigger
hadd Target path: /Users/john/HNDiLeptonWorskspace/OutputTool/MergedFiles//HNtypeI_Dilepton/2018/HNtypeI_Dilepton_SkimTree_SSHN_SingleMuon.root:/WG_cr
hadd Target path: /Users/john/HNDiLeptonWorskspace/OutputTool/MergedFiles//HNtypeI_Dilepton/2018/HNtypeI_Dilepton_SkimTree_SSHN_SingleMuon.root:/WG_cr_MuMu
hadd Target path: /Users/john/HNDiLeptonWorskspace/OutputTool/MergedFiles//HNtypeI_Dilepton/2018/HNtypeI_Dilepton_SkimTree_SSHN_SingleMuon.root:/preselMuMu_opposite_sign
hadd Target path: /Users/john/HNDiLeptonWorskspace/OutputTool/MergedFiles//HNtypeI_Dilepton/2018/HNtypeI_Dilepton_SkimTree_SSHN_SingleMuon.root:/preselMuMu_same_sign
hadd Target path: /Users/john/HNDiLeptonWorskspace/OutputTool/MergedFiles//HNtypeI_Dilepton/2018/HNtypeI_Dilepton_SkimTree_SSHN_SingleMuon.root:/singlejet_MuMu_opposite_sign
hadd Target path: /Users/john/HNDiLeptonWorskspace/OutputTool/MergedFiles//HNtypeI_Dilepton/2018/HNtypeI_Dilepton_SkimTree_SSHN_SingleMuon.root:/singlejet_MuMu_same_sign
hadd Target path: /Users/john/HNDiLeptonWorskspace/OutputTool/MergedFiles//HNtypeI_Dilepton/2018/HNtypeI_Dilepton_SkimTree_SSHN_SingleMuon.root:/weights
hadd Target path: /Users/john/HNDiLeptonWorskspace/OutputTool/MergedFiles//HNtypeI_Dilepton/2018/HNtypeI_Dilepton_SkimTree_SSHN_SingleMuon.root:/zerojetMuMu_opposite_sign
hadd Target path: /Users/john/HNDiLeptonWorskspace/OutputTool/MergedFiles//HNtypeI_Dilepton/2018/HNtypeI_Dilepton_SkimTree_SSHN_SingleMuon.root:/zerojetMuMu_same_sign
hadd Target path: /Users/john/HNDiLeptonWorskspace/OutputTool/MergedFiles//HNtypeI_Dilepton/2018/HNtypeI_Dilepton_SkimTree_SSHN_SingleMuon.root:/SR2_Highmass
hadd Target path: /Users/john/HNDiLeptonWorskspace/OutputTool/MergedFiles//HNtypeI_Dilepton/2018/HNtypeI_Dilepton_SkimTree_SSHN_SingleMuon.root:/SR2_highmass
hadd Target path: /Users/john/HNDiLeptonWorskspace/OutputTool/MergedFiles//HNtypeI_Dilepton/2018/HNtypeI_Dilepton_SkimTree_SSHN_SingleMuon.root:/SR2
hadd Target path: /Users/john/HNDiLeptonWorskspace/OutputTool/MergedFiles//HNtypeI_Dilepton/2018/HNtypeI_Dilepton_SkimTree_SSHN_SingleMuon.root:/WZ_cr
hadd Target path: /Users/john/HNDiLeptonWorskspace/OutputTool/MergedFiles//HNtypeI_Dilepton/2018/HNtypeI_Dilepton_SkimTree_SSHN_SingleMuon.root:/WZ_cr_MuMu
hadd Target path: /Users/john/HNDiLeptonWorskspace/OutputTool/MergedFiles//HNtypeI_Dilepton/2018/HNtypeI_Dilepton_SkimTree_SSHN_SingleMuon.root:/ZG_cr
hadd Target path: /Users/john/HNDiLeptonWorskspace/OutputTool/MergedFiles//HNtypeI_Dilepton/2018/HNtypeI_Dilepton_SkimTree_SSHN_SingleMuon.root:/ZG_cr_MuMu
